anyio=3.5.0
argon2-cffi=21.3.0
argon2-cffi-bindings=21.2.0
asttokens=2.0.5
attrs=21.4.0
babel=2.9.1
backcall=0.2.0
beautifulsoup4=4.11.1
blas=1.0
bleach=4.1.0
bottleneck=1.3.5
brotlipy=0.7.0
bzip2=1.0.8
ca-certificates=2022.07.19
certifi=2022.6.15
cffi=1.15.1
charset-normalizer=2.0.4
click=8.0.4
colorama=0.4.5
cryptography=37.0.1
cudatoolkit=11.3.1
cudnn=8.2.1
dataclasses=0.8
debugpy=1.5.1
decorator=5.1.1
defusedxml=0.7.1
entrypoints=0.4
executing=0.8.3
filelock=3.6.0
flask=2.1.3
freetype=2.10.4
future=0.18.2
glib=2.69.1
gst-plugins-base=1.18.5
gstreamer=1.18.5
huggingface_hub=0.2.1
icc_rt=2019.0.0
icu=58.2
idna=3.3
importlib-metadata=4.11.3
importlib_metadata=4.11.3
intel-openmp=2021.4.0
ipykernel=6.9.1
ipython=8.4.0
ipython_genutils=0.2.0
ipywidgets=7.6.5
itsdangerous=2.0.1
jedi=0.18.1
jinja2=3.0.3
joblib=1.1.0
jpeg=9e
json5=0.9.6
jsonschema=4.4.0
libclang=12.0.0
libffi=3.4.2
libiconv=1.16
libogg=1.3.5
libpng=1.6.37
libsodium=1.0.18
libtiff=4.2.0
libuv=1.40.0
libvorbis=1.3.7
libwebp=1.2.2
libxml2=2.9.14
libxslt=1.1.35
lz4-c=1.9.3
markupsafe=2.1.1
matplotlib-inline=0.1.2
mistune=0.8.4
mkl=2021.4.0
mkl-service=2.4.0
mkl_fft=1.3.1
mkl_random=1.2.2
nbclassic=0.3.5
nbclient=0.5.13
nbconvert=6.4.4
nbformat=5.3.0
nest-asyncio=1.5.5
ninja=1.10.2
ninja-base=1.10.2
nltk=3.7
notebook=6.4.12
numexpr=2.8.3
numpy=1.23.1
numpy-base=1.23.1
openssl=1.1.1q
packaging=21.3
pandas=1.4.3
pandocfilters=1.5.0
parso=0.8.3
pcre=8.45
pickleshare=0.7.5
pillow=9.2.0
pip=22.1.2
ply=3.11
prometheus_client=0.14.1
prompt-toolkit=3.0.20
prompt_toolkit=3.0.20
pure_eval=0.2.2
pycparser=2.21
pygments=2.11.2
pyopenssl=22.0.0
pyparsing=3.0.4
pyqt=5.15.7
pyqt5-sip=12.11.0
pyrsistent=0.18.0
pysocks=1.7.1
python=3.10.4
python-dateutil=2.8.2
python-fastjsonschema=2.15.1
python_abi=3.10
pytorch=1.12.1
pytorch-mutex=1.0
pytz=2022.1
pywin32=302
pywinpty=2.0.2
pyyaml=6.0
pyzmq=23.2.0
qt-main=5.15.2
qt-webengine=5.15.9
qtconsole=5.3.1
qtpy=2.0.1
qtwebkit=5.212
regex=2022.7.9
requests=2.28.1
sacremoses=0.0.43
scikit-learn=1.1.1
scipy=1.7.3
send2trash=1.8.0
sentence-transformers=2.0.0
setuptools=61.2.0
sip=6.6.2
six=1.16.0
sniffio=1.2.0
soupsieve=2.3.1
sqlite=3.39.2
stack_data=0.2.0
terminado=0.13.1
testpath=0.6.0
threadpoolctl=2.2.0
tk=8.6.12
tokenizers=0.11.4
toml=0.10.2
torchvision=0.13.1
tornado=6.1
tqdm=4.64.0
traitlets=5.1.1
transformers=4.18.0
typing-extensions=4.3.0
typing_extensions=4.3.0
tzdata=2022a
urllib3=1.26.11
vc=14.2
vs2015_runtime=14.27.29016
wcwidth=0.2.5
webencodings=0.5.1
websocket-client=0.58.0
werkzeug=2.0.3
wheel=0.37.1
widgetsnbextension=3.5.2
win_inet_pton=1.1.0
wincertstore=0.2
winpty=0.4.3
xz=5.2.5
yaml=0.2.5
zeromq=4.3.4
zipp=3.8.0
zlib=1.2.12
zstd=1.5.2